AutoDock Vina v1.2.5
#################################################################
# If you used AutoDock Vina in your work, please cite:          #
#                                                               #
# J. Eberhardt, D. Santos-Martins, A. F. Tillack, and S. Forli  #
# AutoDock Vina 1.2.0: New Docking Methods, Expanded Force      #
# Field, and Python Bindings, J. Chem. Inf. Model. (2021)       #
# DOI 10.1021/acs.jcim.1c00203                                  #
#                                                               #
# O. Trott, A. J. Olson,                                        #
# AutoDock Vina: improving the speed and accuracy of docking    #
# with a new scoring function, efficient optimization and       #
# multithreading, J. Comp. Chem. (2010)                         #
# DOI 10.1002/jcc.21334                                         #
#                                                               #
# Please see https://github.com/ccsb-scripps/AutoDock-Vina for  #
# more information.                                             #
#################################################################

Scoring function : vina
Rigid receptor: Model3-FUR1-WT-monomer-prep.pdbqt
Ligand: PRPP.pdbqt
Grid center: X -3 Y 59 Z 37
Grid size  : X 21 Y 21 Z 21
Grid space : 0.375
Exhaustiveness: 32
CPU: 2
Verbosity: 1

Computing Vina grid ... done.
Performing docking (random seed: 1958246272) ... 
0%   10   20   30   40   50   60   70   80   90   100%
|----|----|----|----|----|----|----|----|----|----|
***************************************************

mode |   affinity | dist from best mode
     | (kcal/mol) | rmsd l.b.| rmsd u.b.
-----+------------+----------+----------
   1       -7.139          0          0
   2        -7.09      1.456      2.125
   3       -7.002       2.79      4.216
   4       -6.934      3.262      7.728
   5       -6.796      2.729      7.394
   6       -6.761      3.203      7.659
   7       -6.709      2.667      6.495
   8       -6.694      1.871      3.156
   9       -6.665      3.269      6.965
  10       -6.604      3.016      5.442
  11       -6.495      3.481      6.987
  12       -6.447      2.428      7.171
  13       -6.435      1.848      3.015
  14       -6.417      3.594      6.897
  15       -6.398      2.594      6.495
  16       -6.377      1.856      3.141
  17       -6.371      3.507      6.426
  18       -6.342      2.148      3.246
  19       -6.323      2.545      5.659
  20       -6.269      3.033       6.97
