AutoDock Vina v1.2.5
#################################################################
# If you used AutoDock Vina in your work, please cite:          #
#                                                               #
# J. Eberhardt, D. Santos-Martins, A. F. Tillack, and S. Forli  #
# AutoDock Vina 1.2.0: New Docking Methods, Expanded Force      #
# Field, and Python Bindings, J. Chem. Inf. Model. (2021)       #
# DOI 10.1021/acs.jcim.1c00203                                  #
#                                                               #
# O. Trott, A. J. Olson,                                        #
# AutoDock Vina: improving the speed and accuracy of docking    #
# with a new scoring function, efficient optimization and       #
# multithreading, J. Comp. Chem. (2010)                         #
# DOI 10.1002/jcc.21334                                         #
#                                                               #
# Please see https://github.com/ccsb-scripps/AutoDock-Vina for  #
# more information.                                             #
#################################################################

Scoring function : vina
Rigid receptor: Model3-FUR1-192R4-monomer-prep.pdbqt
Ligands:
  - PRPP.pdbqt
  - 5FU.pdbqt
Grid center: X -3 Y 62 Z 35
Grid size  : X 21 Y 21 Z 21
Grid space : 0.375
Exhaustiveness: 32
CPU: 2
Verbosity: 1

Computing Vina grid ... done.
Performing docking (random seed: 1958246272) ... 
0%   10   20   30   40   50   60   70   80   90   100%
|----|----|----|----|----|----|----|----|----|----|
***************************************************

mode |   affinity | dist from best mode
     | (kcal/mol) | rmsd l.b.| rmsd u.b.
-----+------------+----------+----------
   1       -8.567          0          0
   2        -8.47      2.803      5.189
   3       -8.467      2.609      4.879
   4       -8.398      3.635      6.773
   5       -8.205       3.59      6.341
   6       -8.168      1.215      4.053
   7       -8.167      3.221      6.291
   8       -8.082      5.331      7.941
   9       -8.064      5.576      8.271
  10       -8.051      3.469      6.952
  11       -8.032      3.052      6.286
  12        -8.01      2.641      4.936
  13       -7.968       5.74      8.524
  14       -7.946      3.724      6.209
  15       -7.929      3.792      6.423
  16       -7.899      3.422      6.399
  17       -7.895      3.291      6.125
  18       -7.884      3.213      5.949
  19       -7.879      1.986      2.714
  20       -7.813      2.883      5.017
